<?xml version="1.0" encoding="UTF-8"?>
<!-- Generated by org.testng.reporters.JUnitReportReporter -->
<testsuite hostname="DESKTOP-N1IFO5F" failures="0" tests="1" name="testCases.TC_002_LoginTest" time="1.794" errors="0" timestamp="2023-05-09T21:35:02 BRT" skipped="0">
  <testcase classname="testCases.TC_002_LoginTest" name="test_login" time="1.794"/>
  <system-out/>
</testsuite> <!-- testCases.TC_002_LoginTest -->
